<?xml version="1.0" encoding="UTF-8"?>
<testsuite xmlns:xsi="http://www.w3.org/2001/XMLSchema-instance" xsi:noNamespaceSchemaLocation="https://maven.apache.org/surefire/maven-surefire-plugin/xsd/surefire-test-report.xsd" version="3.0.2" name="br.gov.saude.assinador.validacao.ValidadorFHIRTest" time="0.025" tests="10" errors="0" skipped="0" failures="0">
  <properties>
[...]
</properties>
  <testcase name="verificacaoRejeitaJwsNaoBase64" classname="br.gov.saude.assinador.validacao.ValidadorFHIRTest" time="0.003"/>
  <testcase name="criacaoRejeitaEstrategiaTimestampInvalida" classname="br.gov.saude.assinador.validacao.ValidadorFHIRTest" time="0.002"/>
  <testcase name="verificacaoAceitaPayloadValido" classname="br.gov.saude.assinador.validacao.ValidadorFHIRTest" time="0.002"/>
  <testcase name="criacaoRejeitaAlgoritmoNaoSuportado" classname="br.gov.saude.assinador.validacao.ValidadorFHIRTest" time="0.002"/>
  <testcase name="criacaoAceitaAlgoritmoSuportado" classname="br.gov.saude.assinador.validacao.ValidadorFHIRTest" time="0.002"/>
  <testcase name="criacaoAceitaPayloadValido" classname="br.gov.saude.assinador.validacao.ValidadorFHIRTest" time="0.001"/>
  <testcase name="verificacaoRejeitaHashTrustStoreInvalido" classname="br.gov.saude.assinador.validacao.ValidadorFHIRTest" time="0.001"/>
  <testcase name="criacaoRejeitaCertificadoNaoBase64" classname="br.gov.saude.assinador.validacao.ValidadorFHIRTest" time="0.001"/>
  <testcase name="verificacaoRejeitaJwsAusente" classname="br.gov.saude.assinador.validacao.ValidadorFHIRTest" time="0.002"/>
  <testcase name="criacaoRejeitaBundleAusente" classname="br.gov.saude.assinador.validacao.ValidadorFHIRTest" time="0.002"/>
</testsuite>